5월 03, 2021 1:17:01 오전 org.apache.catalina.startup.VersionLoggerListener log
INFO: 서버 버전 이름:    Apache Tomcat/7.0.107
5월 03, 2021 1:17:01 오전 org.apache.catalina.startup.VersionLoggerListener log
INFO: Server 빌드 시각:  Nov 18 2020 12:18:55 UTC
5월 03, 2021 1:17:01 오전 org.apache.catalina.startup.VersionLoggerListener log
INFO: Server 버전 번호:  7.0.107.0
5월 03, 2021 1:17:01 오전 org.apache.catalina.startup.VersionLoggerListener log
INFO: 운영체제 이름:     Windows 10
5월 03, 2021 1:17:01 오전 org.apache.catalina.startup.VersionLoggerListener log
INFO: 운영체제 버전:     10.0
5월 03, 2021 1:17:01 오전 org.apache.catalina.startup.VersionLoggerListener log
INFO: 아키텍처:          amd64
5월 03, 2021 1:17:01 오전 org.apache.catalina.startup.VersionLoggerListener log
INFO: 자바 홈:           C:\Program Files\Java\jdk-11.0.10
5월 03, 2021 1:17:01 오전 org.apache.catalina.startup.VersionLoggerListener log
INFO: JVM 버전:          11.0.10+8-LTS-162
5월 03, 2021 1:17:01 오전 org.apache.catalina.startup.VersionLoggerListener log
INFO: JVM 벤더:          Oracle Corporation
5월 03, 2021 1:17:01 오전 org.apache.catalina.startup.VersionLoggerListener log
INFO: CATALINA_BASE:     C:\Users\alsgh\Downloads\apache-tomcat-7.0.107\apache-tomcat-7.0.107
5월 03, 2021 1:17:01 오전 org.apache.catalina.startup.VersionLoggerListener log
INFO: CATALINA_HOME:     C:\Users\alsgh\Downloads\apache-tomcat-7.0.107\apache-tomcat-7.0.107
5월 03, 2021 1:17:01 오전 org.apache.catalina.startup.VersionLoggerListener log
INFO: 명령 행 아규먼트:  --add-opens=java.base/java.lang=ALL-UNNAMED
5월 03, 2021 1:17:01 오전 org.apache.catalina.startup.VersionLoggerListener log
INFO: 명령 행 아규먼트:  --add-opens=java.base/java.io=ALL-UNNAMED
5월 03, 2021 1:17:01 오전 org.apache.catalina.startup.VersionLoggerListener log
INFO: 명령 행 아규먼트:  --add-opens=java.rmi/sun.rmi.transport=ALL-UNNAMED
5월 03, 2021 1:17:01 오전 org.apache.catalina.startup.VersionLoggerListener log
INFO: 명령 행 아규먼트:  -Djava.util.logging.config.file=C:\Users\alsgh\Downloads\apache-tomcat-7.0.107\apache-tomcat-7.0.107\conf\logging.properties
5월 03, 2021 1:17:01 오전 org.apache.catalina.startup.VersionLoggerListener log
INFO: 명령 행 아규먼트:  -Djava.util.logging.manager=org.apache.juli.ClassLoaderLogManager
5월 03, 2021 1:17:01 오전 org.apache.catalina.startup.VersionLoggerListener log
INFO: 명령 행 아규먼트:  -Djdk.tls.ephemeralDHKeySize=2048
5월 03, 2021 1:17:01 오전 org.apache.catalina.startup.VersionLoggerListener log
INFO: 명령 행 아규먼트:  -Dignore.endorsed.dirs=
5월 03, 2021 1:17:01 오전 org.apache.catalina.startup.VersionLoggerListener log
INFO: 명령 행 아규먼트:  -Dcatalina.base=C:\Users\alsgh\Downloads\apache-tomcat-7.0.107\apache-tomcat-7.0.107
5월 03, 2021 1:17:01 오전 org.apache.catalina.startup.VersionLoggerListener log
INFO: 명령 행 아규먼트:  -Dcatalina.home=C:\Users\alsgh\Downloads\apache-tomcat-7.0.107\apache-tomcat-7.0.107
5월 03, 2021 1:17:01 오전 org.apache.catalina.startup.VersionLoggerListener log
INFO: 명령 행 아규먼트:  -Djava.io.tmpdir=C:\Users\alsgh\Downloads\apache-tomcat-7.0.107\apache-tomcat-7.0.107\temp
5월 03, 2021 1:17:01 오전 org.apache.catalina.core.AprLifecycleListener lifecycleEvent
INFO: 프로덕션 환경들에서 최적의 성능을 제공하는, APR 기반 Apache Tomcat Native 라이브러리가, 다음 java.library.path에서 발견되지 않습니다: [C:\Program Files\Java\jdk-11.0.10\bin;C:\WINDOWS\Sun\Java\bin;C:\WINDOWS\system32;C:\WINDOWS;C:\Program Files\Common Files\Oracle\Java\javapath;C:\oraclexe\app\oracle\product\11.2.0\server\bin;C:\Program Files (x86)\NAT Service2;C:\Program Files (x86)\NAT Service;C:\WINDOWS\system32;C:\WINDOWS;C:\WINDOWS\System32\Wbem;C:\WINDOWS\System32\WindowsPowerShell\v1.0\;C:\WINDOWS\System32\OpenSSH\;C:\Gradle\gradle-6.3\gradle-6.3\bin;C:\Program Files\Git\cmd;C:\devtool\apache-maven-3.8.1-bin\apache-maven-3.8.1\bin;C:\Users\alsgh\AppData\Local\Programs\Python\Python39\Scripts\;C:\Users\alsgh\AppData\Local\Programs\Python\Python39\;"C:\Users\alsgh\AppData\Local\Microsoft\WindowsApps;";C:\Users\alsgh\AppData\Local\Programs\Microsoft VS Code\bin;C:\Users\alsgh\AppData\Local\GitHubDesktop\bin;C:\devtool\apache-maven-3.8.1-bin\apache-maven-3.8.1\bin;C:\devtool\gradle-6.8.3-bin\gradle-6.8.3\bin;C:\Program Files\Java\jdk-11.0.10\bin;;C:\Program Files\JetBrains\IntelliJ IDEA Community Edition 2021.1\bin;;.]
5월 03, 2021 1:17:01 오전 org.apache.coyote.AbstractProtocol init
INFO: 프로토콜 핸들러 ["http-bio-8080"]을(를) 초기화합니다.
5월 03, 2021 1:17:01 오전 org.apache.catalina.startup.Catalina load
INFO: Initialization processed in 889 ms
5월 03, 2021 1:17:01 오전 org.apache.catalina.core.StandardService startInternal
INFO: 서비스 [Catalina]을(를) 시작합니다.
5월 03, 2021 1:17:01 오전 org.apache.catalina.core.StandardEngine startInternal
INFO: Starting Servlet Engine: Apache Tomcat/7.0.107
5월 03, 2021 1:17:01 오전 org.apache.catalina.startup.HostConfig deployDirectory
INFO: 웹 애플리케이션 디렉토리 [C:\Users\alsgh\Downloads\apache-tomcat-7.0.107\apache-tomcat-7.0.107\webapps\docs]을(를) 배치합니다.
5월 03, 2021 1:17:02 오전 org.apache.catalina.util.SessionIdGeneratorBase createSecureRandom
WARNING: [SHA1PRNG] 알고리즘을 사용하여, 세션 ID를 생성하기 위한 SecureRandom 객체를 생성하는데, [332] 밀리초가 소요됐습니다.
5월 03, 2021 1:17:02 오전 org.apache.catalina.startup.HostConfig deployDirectory
INFO: 웹 애플리케이션 디렉토리 [C:\Users\alsgh\Downloads\apache-tomcat-7.0.107\apache-tomcat-7.0.107\webapps\docs]에 대한 배치가 [928] 밀리초에 완료되었습니다.
5월 03, 2021 1:17:02 오전 org.apache.catalina.startup.HostConfig deployDirectory
INFO: 웹 애플리케이션 디렉토리 [C:\Users\alsgh\Downloads\apache-tomcat-7.0.107\apache-tomcat-7.0.107\webapps\examples]을(를) 배치합니다.
5월 03, 2021 1:17:03 오전 org.apache.catalina.startup.HostConfig deployDirectory
INFO: 웹 애플리케이션 디렉토리 [C:\Users\alsgh\Downloads\apache-tomcat-7.0.107\apache-tomcat-7.0.107\webapps\examples]에 대한 배치가 [995] 밀리초에 완료되었습니다.
5월 03, 2021 1:17:03 오전 org.apache.catalina.startup.HostConfig deployDirectory
INFO: 웹 애플리케이션 디렉토리 [C:\Users\alsgh\Downloads\apache-tomcat-7.0.107\apache-tomcat-7.0.107\webapps\host-manager]을(를) 배치합니다.
5월 03, 2021 1:17:03 오전 org.apache.catalina.startup.HostConfig deployDirectory
INFO: 웹 애플리케이션 디렉토리 [C:\Users\alsgh\Downloads\apache-tomcat-7.0.107\apache-tomcat-7.0.107\webapps\host-manager]에 대한 배치가 [95] 밀리초에 완료되었습니다.
5월 03, 2021 1:17:03 오전 org.apache.catalina.startup.HostConfig deployDirectory
INFO: 웹 애플리케이션 디렉토리 [C:\Users\alsgh\Downloads\apache-tomcat-7.0.107\apache-tomcat-7.0.107\webapps\manager]을(를) 배치합니다.
5월 03, 2021 1:17:03 오전 org.apache.catalina.startup.HostConfig deployDirectory
INFO: 웹 애플리케이션 디렉토리 [C:\Users\alsgh\Downloads\apache-tomcat-7.0.107\apache-tomcat-7.0.107\webapps\manager]에 대한 배치가 [127] 밀리초에 완료되었습니다.
5월 03, 2021 1:17:03 오전 org.apache.catalina.startup.HostConfig deployDirectory
INFO: 웹 애플리케이션 디렉토리 [C:\Users\alsgh\Downloads\apache-tomcat-7.0.107\apache-tomcat-7.0.107\webapps\ROOT]을(를) 배치합니다.
5월 03, 2021 1:17:03 오전 org.apache.catalina.startup.HostConfig deployDirectory
INFO: 웹 애플리케이션 디렉토리 [C:\Users\alsgh\Downloads\apache-tomcat-7.0.107\apache-tomcat-7.0.107\webapps\ROOT]에 대한 배치가 [88] 밀리초에 완료되었습니다.
5월 03, 2021 1:17:03 오전 org.apache.coyote.AbstractProtocol start
INFO: 프로토콜 핸들러 ["http-bio-8080"]을(를) 시작합니다.
5월 03, 2021 1:17:03 오전 org.apache.catalina.startup.Catalina start
INFO: Server startup in 2400 ms
